<?xml version="1.0" encoding="UTF-8"?>
<!-- Generated by org.testng.reporters.JUnitXMLReporter -->
<testsuite ignored="0" hostname="vtluong" failures="1" tests="2" name="Surefire test" time="206.558" errors="0" timestamp="2023-12-21T23:05:19 ICT">
  <testcase classname="Edx.com.testcases.EdxTest" name="EdxAutomation" time="166.957"/>
  <testcase classname="Edx.com.testcases.EdxTest" name="failTC" time="34.416">
    <failure type="java.lang.AssertionError" message="Element not exist. By.name: audit_mode">
      <![CDATA[java.lang.AssertionError: Element not exist. By.name: audit_mode
at selenium4.com.helpers.WebElementsHelpers.waitForElementPresent(WebElementsHelpers.java:2547)
at selenium4.com.helpers.WebElementsHelpers.waitForElementVisible(WebElementsHelpers.java:2450)
at selenium4.com.helpers.WebElementsHelpers.clickElement(WebElementsHelpers.java:2121)
at Edx.com.pages.EdxLoginPage.clickContinueButton(EdxLoginPage.java:99)
at Edx.com.pages.EdxLoginPage.LoginToEdx(EdxLoginPage.java:94)
at Edx.com.pages.EdxLoginPage.takeAction(EdxLoginPage.java:40)
at Edx.com.testcases.EdxTest.failTC(EdxTest.java:61)
at java.base/java.util.ArrayList.forEach(ArrayList.java:1511)
... Removed 33 stack frames]]>
    </failure>
  </testcase> <!-- failTC -->
</testsuite> <!-- Surefire test -->
