<?xml version="1.0" encoding="UTF-8"?>
<!-- Generated by org.testng.reporters.JUnitXMLReporter -->
<testsuite ignored="0" hostname="vtluong" failures="1" tests="1" name="Test" time="30.131" errors="0" timestamp="2023-12-11T11:14:21 ICT">
  <testcase classname="Edx.com.testcases.EdxTest" name="EdxAutomation" time="3.11">
    <failure type="org.openqa.selenium.ElementClickInterceptedException" message="element click intercepted: Element &amp;lt;button class=&amp;quot;preview-expand-cta btn btn-link mt-2 pt-1 pt-sm-2 px-0 pb-0&amp;quot; id=&amp;quot;outcome&amp;quot; type=&amp;quot;button&amp;quot;&amp;gt;...&amp;lt;/button&amp;gt; is not clickable at point (285, 16). Other element would receive the click: &amp;lt;h5 class=&amp;quot;h5 text-primary-100 mx-auto py-2 mb-0&amp;quot;&amp;gt;...&amp;lt;/h5&amp;gt;
  (Session info: chrome=119.0.6045.200)
Build info: version: &amp;apos;4.13.0&amp;apos;, revision: &amp;apos;ba948ece5b*&amp;apos;
System info: os.name: &amp;apos;Windows 10&amp;apos;, os.arch: &amp;apos;amd64&amp;apos;, os.version: &amp;apos;10.0&amp;apos;, java.version: &amp;apos;17.0.5&amp;apos;
Driver info: org.openqa.selenium.chrome.ChromeDriver
Command: [c48dace32472757ded81336dd7b3ef52, clickElement {id=39EE165502DC60177D32093DC39108A8_element_62}]
Capabilities {acceptInsecureCerts: false, browserName: chrome, browserVersion: 119.0.6045.200, chrome: {chromedriverVersion: 119.0.6045.105 (38c72552c5e..., userDataDir: C:\Users\vtluong\AppData\Lo...}, fedcm:accounts: true, goog:chromeOptions: {debuggerAddress: localhost:56144}, networkConnectionEnabled: false, pageLoadStrategy: normal, platformName: windows, proxy: Proxy(), se:cdp: ws://localhost:56144/devtoo..., se:cdpVersion: 119.0.6045.200, setWindowRect: true, strictFileInteractability: false, timeouts: {implicit: 0, pageLoad: 300000, script: 30000}, unhandledPromptBehavior: dismiss and notify, webauthn:extension:credBlob: true, webauthn:extension:largeBlob: true, webauthn:extension:minPinLength: true, webauthn:extension:prf: true, webauthn:virtualAuthenticators: true}
Element: [[ChromeDriver: chrome on windows (c48dace32472757ded81336dd7b3ef52)] -&amp;gt; xpath: //button[text()=&amp;apos;Show more&amp;apos; and @id=&amp;apos;outcome&amp;apos;]]
Session ID: c48dace32472757ded81336dd7b3ef52">
      <![CDATA[org.openqa.selenium.ElementClickInterceptedException: element click intercepted: Element <button class="preview-expand-cta btn btn-link mt-2 pt-1 pt-sm-2 px-0 pb-0" id="outcome" type="button">...</button> is not clickable at point (285, 16). Other element would receive the click: <h5 class="h5 text-primary-100 mx-auto py-2 mb-0">...</h5>
  (Session info: chrome=119.0.6045.200)
Build info: version: '4.13.0', revision: 'ba948ece5b*'
System info: os.name: 'Windows 10', os.arch: 'amd64', os.version: '10.0', java.version: '17.0.5'
Driver info: org.openqa.selenium.chrome.ChromeDriver
Command: [c48dace32472757ded81336dd7b3ef52, clickElement {id=39EE165502DC60177D32093DC39108A8_element_62}]
Capabilities {acceptInsecureCerts: false, browserName: chrome, browserVersion: 119.0.6045.200, chrome: {chromedriverVersion: 119.0.6045.105 (38c72552c5e..., userDataDir: C:\Users\vtluong\AppData\Lo...}, fedcm:accounts: true, goog:chromeOptions: {debuggerAddress: localhost:56144}, networkConnectionEnabled: false, pageLoadStrategy: normal, platformName: windows, proxy: Proxy(), se:cdp: ws://localhost:56144/devtoo..., se:cdpVersion: 119.0.6045.200, setWindowRect: true, strictFileInteractability: false, timeouts: {implicit: 0, pageLoad: 300000, script: 30000}, unhandledPromptBehavior: dismiss and notify, webauthn:extension:credBlob: true, webauthn:extension:largeBlob: true, webauthn:extension:minPinLength: true, webauthn:extension:prf: true, webauthn:virtualAuthenticators: true}
Element: [[ChromeDriver: chrome on windows (c48dace32472757ded81336dd7b3ef52)] -> xpath: //button[text()='Show more' and @id='outcome']]
Session ID: c48dace32472757ded81336dd7b3ef52
at org.openqa.selenium.remote.codec.w3c.W3CHttpResponseCodec.createException(W3CHttpResponseCodec.java:200)
at org.openqa.selenium.remote.codec.w3c.W3CHttpResponseCodec.decode(W3CHttpResponseCodec.java:133)
at org.openqa.selenium.remote.codec.w3c.W3CHttpResponseCodec.decode(W3CHttpResponseCodec.java:52)
at org.openqa.selenium.remote.HttpCommandExecutor.execute(HttpCommandExecutor.java:191)
at org.openqa.selenium.remote.service.DriverCommandExecutor.invokeExecute(DriverCommandExecutor.java:196)
at org.openqa.selenium.remote.service.DriverCommandExecutor.execute(DriverCommandExecutor.java:171)
at org.openqa.selenium.remote.RemoteWebDriver.execute(RemoteWebDriver.java:602)
at org.openqa.selenium.remote.RemoteWebElement.execute(RemoteWebElement.java:224)
at org.openqa.selenium.remote.RemoteWebElement.click(RemoteWebElement.java:77)
at selenium4.com.helpers.WebElementsHelpers.clickElement(WebElementsHelpers.java:2126)
at Edx.com.pages.EdxOverviewPage.getWhatLearn(EdxOverviewPage.java:46)
at Edx.com.testcases.EdxTest.EdxAutomation(EdxTest.java:37)
at java.base/java.util.ArrayList.forEach(ArrayList.java:1511)
... Removed 32 stack frames]]>
    </failure>
  </testcase> <!-- EdxAutomation -->
</testsuite> <!-- Test -->
