<?xml version="1.0" encoding="UTF-8"?>
<testsuite xmlns:xsi="http://www.w3.org/2001/XMLSchema-instance" xsi:noNamespaceSchemaLocation="https://maven.apache.org/surefire/maven-surefire-plugin/xsd/surefire-test-report.xsd" name="TestSuite" time="208.191" tests="2" errors="0" skipped="0" failures="1">
  <properties>
[...]
</properties>
  <testcase name="EdxAutomation" classname="Edx.com.testcases.EdxTest" time="166.953"/>
  <testcase name="failTC" classname="Edx.com.testcases.EdxTest" time="34.426">
    <failure message="Element not exist. By.name: audit_mode" type="java.lang.AssertionError">java.lang.AssertionError: Element not exist. By.name: audit_mode
	at Edx.com.testcases.EdxTest.failTC(EdxTest.java:61)
</failure>
    <system-out><![CDATA[[INFO] 21-12-2023 23:04:41 [LogUtils] - Test case:  is passed.
[INFO] 21-12-2023 23:04:41 [LogUtils] - Driver for Screenshot: ChromeDriver: chrome on windows (873bcf452f8a8375947cb3554358a9e4)
[INFO] 21-12-2023 23:04:42 [LogUtils] - Screenshot taken: EdxAutomation
[INFO] 21-12-2023 23:04:42 [LogUtils] - Screenshot taken current URL: https://learning.edx.org/course/course-v1:UBCx+Excel1.2x+1T2020/home
[INFO] 21-12-2023 23:04:42 [LogUtils] -  --- Starting: closeDriver
[INFO] 21-12-2023 23:04:42 [LogUtils] -  --- Ending: closeDriver
[INFO] 21-12-2023 23:04:42 [LogUtils] -  --- Starting: BeginWebTest
[INFO] 21-12-2023 23:04:43 [LogUtils] -  --- Ending: BeginWebTest
[INFO] 21-12-2023 23:04:43 [LogUtils] - Test case:  is starting...
[INFO] 21-12-2023 23:04:43 [LogUtils] -  --- Starting: failTC
[INFO] 21-12-2023 23:04:45 [LogUtils] - Open URL: https://www.edx.org/learn/excel/university-of-british-columbia-excel-for-everyone-data-management
[INFO] 21-12-2023 23:04:45 [LogUtils] - Navigate to EdxOverview Page
[INFO] 21-12-2023 23:04:45 [LogUtils] - Verify element visible By.xpath: //div[@class="col-md-7 pr-4"]/h1
[INFO] 21-12-2023 23:04:45 [LogUtils] - Get text of elementBy.xpath: //div[@class="col-md-7 pr-4"]/h1
[INFO] 21-12-2023 23:04:46 [LogUtils] - UBCx: Excel for Everyone: Data Management
[INFO] 21-12-2023 23:04:51 [LogUtils] - Verify element visible By.xpath: //a[text()='Sign in']
[INFO] 21-12-2023 23:04:51 [LogUtils] - Verify element visible By.xpath: //a[text()='Sign in']
[INFO] 21-12-2023 23:04:54 [LogUtils] - Clicked on the element By.xpath: //a[text()='Sign in']
[INFO] 21-12-2023 23:04:56 [LogUtils] - Verify element visible By.xpath: //input[@name="emailOrUsername"]
[INFO] 21-12-2023 23:04:56 [LogUtils] - Verify element visible By.xpath: //input[@name="emailOrUsername"]
[INFO] 21-12-2023 23:04:56 [LogUtils] - Clear and Fill luongvo2022 on By.xpath: //input[@name="emailOrUsername"]
[INFO] 21-12-2023 23:04:56 [LogUtils] - Verify element visible By.xpath: //input[@name="password"]
[INFO] 21-12-2023 23:04:56 [LogUtils] - Verify element visible By.xpath: //input[@name="password"]
[INFO] 21-12-2023 23:04:56 [LogUtils] - Clear and Fill kdAVt6`m on By.xpath: //input[@name="password"]
[INFO] 21-12-2023 23:04:57 [LogUtils] - Verify element visible By.xpath: //span[text()="Sign in"]
[INFO] 21-12-2023 23:04:57 [LogUtils] - Clicked on the element By.xpath: //span[text()="Sign in"]
[ERROR] 21-12-2023 23:05:18 [LogUtils] - Element not exist. By.name: audit_mode
[INFO] 21-12-2023 23:05:18 [LogUtils] -  --- Ending: failTC
]]></system-out>
    <system-err><![CDATA[[main] INFO io.github.bonigarcia.wdm.WebDriverManager - Using chromedriver 120.0.6099.109 (resolved driver for Chrome 120)
[main] INFO io.github.bonigarcia.wdm.WebDriverManager - Exporting webdriver.chrome.driver as C:\Users\vtluong\.cache\selenium\chromedriver\win64\120.0.6099.109\chromedriver.exe
Dec 21, 2023 11:04:43 PM org.openqa.selenium.devtools.CdpVersionFinder findNearestMatch
WARNING: Unable to find an exact match for CDP version 120, so returning the closest version found: 117
]]></system-err>
  </testcase>
</testsuite>