<?xml version="1.0" encoding="UTF-8"?>
<testsuite xmlns:xsi="http://www.w3.org/2001/XMLSchema-instance" xsi:noNamespaceSchemaLocation="https://maven.apache.org/surefire/maven-surefire-plugin/xsd/surefire-test-report.xsd" name="TestSuite" time="13.29" tests="1" errors="0" skipped="0" failures="1">
  <properties>
[...]
</properties>
  <testcase name="EdxAutomation" classname="Edx.com.testcases.EdxTest" time="7.615">
    <failure message="element click intercepted: Element &lt;button class=&quot;preview-expand-cta btn btn-link mt-2 pt-1 pt-sm-2 px-0 pb-0&quot; id=&quot;outcome&quot; type=&quot;button&quot;&gt;...&lt;/button&gt; is not clickable at point (285, 16). Other element would receive the click: &lt;h5 class=&quot;h5 text-primary-100 mx-auto py-2 mb-0&quot;&gt;...&lt;/h5&gt;&#10;  (Session info: chrome=119.0.6045.200)&#10;Build info: version: &apos;4.13.0&apos;, revision: &apos;ba948ece5b*&apos;&#10;System info: os.name: &apos;Windows 10&apos;, os.arch: &apos;amd64&apos;, os.version: &apos;10.0&apos;, java.version: &apos;17.0.5&apos;&#10;Driver info: org.openqa.selenium.chrome.ChromeDriver&#10;Command: [4cee294ff5762d7460fcbdec1bca5d4f, clickElement {id=6B35F8C2E7F7B6B30B2B3CE39A8B4FAC_element_59}]&#10;Capabilities {acceptInsecureCerts: false, browserName: chrome, browserVersion: 119.0.6045.200, chrome: {chromedriverVersion: 119.0.6045.105 (38c72552c5e..., userDataDir: C:\Users\vtluong\AppData\Lo...}, fedcm:accounts: true, goog:chromeOptions: {debuggerAddress: localhost:61228}, networkConnectionEnabled: false, pageLoadStrategy: normal, platformName: windows, proxy: Proxy(), se:cdp: ws://localhost:61228/devtoo..., se:cdpVersion: 119.0.6045.200, setWindowRect: true, strictFileInteractability: false, timeouts: {implicit: 0, pageLoad: 300000, script: 30000}, unhandledPromptBehavior: dismiss and notify, webauthn:extension:credBlob: true, webauthn:extension:largeBlob: true, webauthn:extension:minPinLength: true, webauthn:extension:prf: true, webauthn:virtualAuthenticators: true}&#10;Element: [[ChromeDriver: chrome on windows (4cee294ff5762d7460fcbdec1bca5d4f)] -&gt; xpath: //button[text()=&apos;Show more&apos; and @id=&apos;outcome&apos;]]&#10;Session ID: 4cee294ff5762d7460fcbdec1bca5d4f" type="org.openqa.selenium.ElementClickInterceptedException"><![CDATA[org.openqa.selenium.ElementClickInterceptedException: 
element click intercepted: Element <button class="preview-expand-cta btn btn-link mt-2 pt-1 pt-sm-2 px-0 pb-0" id="outcome" type="button">...</button> is not clickable at point (285, 16). Other element would receive the click: <h5 class="h5 text-primary-100 mx-auto py-2 mb-0">...</h5>
  (Session info: chrome=119.0.6045.200)
Build info: version: '4.13.0', revision: 'ba948ece5b*'
System info: os.name: 'Windows 10', os.arch: 'amd64', os.version: '10.0', java.version: '17.0.5'
Driver info: org.openqa.selenium.chrome.ChromeDriver
Command: [4cee294ff5762d7460fcbdec1bca5d4f, clickElement {id=6B35F8C2E7F7B6B30B2B3CE39A8B4FAC_element_59}]
Capabilities {acceptInsecureCerts: false, browserName: chrome, browserVersion: 119.0.6045.200, chrome: {chromedriverVersion: 119.0.6045.105 (38c72552c5e..., userDataDir: C:\Users\vtluong\AppData\Lo...}, fedcm:accounts: true, goog:chromeOptions: {debuggerAddress: localhost:61228}, networkConnectionEnabled: false, pageLoadStrategy: normal, platformName: windows, proxy: Proxy(), se:cdp: ws://localhost:61228/devtoo..., se:cdpVersion: 119.0.6045.200, setWindowRect: true, strictFileInteractability: false, timeouts: {implicit: 0, pageLoad: 300000, script: 30000}, unhandledPromptBehavior: dismiss and notify, webauthn:extension:credBlob: true, webauthn:extension:largeBlob: true, webauthn:extension:minPinLength: true, webauthn:extension:prf: true, webauthn:virtualAuthenticators: true}
Element: [[ChromeDriver: chrome on windows (4cee294ff5762d7460fcbdec1bca5d4f)] -> xpath: //button[text()='Show more' and @id='outcome']]
Session ID: 4cee294ff5762d7460fcbdec1bca5d4f
	at Edx.com.testcases.EdxTest.EdxAutomation(EdxTest.java:33)
]]></failure>
    <system-out><![CDATA[Data From FrameworkConstants: {TARGET=local, RETRY_TEST_FAIL=1, OVERRIDE_REPORTS=yes, SEND_EMAIL_TO_USERS=no, WAIT_DEFAULT=5, REMOTE_PORT=4444, VIDEO_RECORD=no, SCREENSHOT_ALL_STEPS=no, EXTENT_REPORT_NAME=ExtentReports, EXPORT_VIDEO_PATH=ExportData/Videos, EXPORT_CAPTURE_PATH=ExportData/Images, WAIT_PAGE_LOADED=40, SCREENSHOT_PASSED_STEPS=yes, EXTENT_REPORT_FOLDER=reports/ExtentReports, DOWNLOAD_FOLDER_PATH=downloads, WAIT_EXPLICIT=20, BROWSER=chrome, SCREENSHOT_SKIPPED_STEPS=yes, REPORT_TITLE=Report | Automation Framework Selenium, AUTHOR=Selenium4, EXCEL_DATA_FILE_PATH=blank, WAIT_IMPLICIT=20, PROJECT_NAME=Automation Framework Selenium, HEADLESS=false, REMOTE_URL=192.168.1.14, COURSE_URL=https://www.edx.org/learn/how-to-learn/edx-how-to-learn-online, SCREENSHOT_FAILED_STEPS=yes, JSON_DATA_FILE_PATH=blank, ACTIVE_PAGE_LOADED=true, URL_CRM=https://rise.fairsketch.com/signin, WAIT_SLEEP_STEP=0, OPEN_REPORTS_AFTER_EXECUTION=no, LOCATE=vi}
========= INSTALLING CONFIGURATION DATA =========
OVERRIDE EXTENT REPORTS = yes
Link Extent Report: C:\Users\vtluong\eclipse-workspace\PageOjectmodel_Example\reports/ExtentReports\ExtentReports.html
Extent Reports is installed.
========= INSTALLED CONFIGURATION DATA =========

[INFO] 12-12-2023 14:13:36 [LogUtils] - Starting Suite: Surefire suite
[INFO] 12-12-2023 14:13:36 [LogUtils] -  --- Starting: BeginWebTest
[INFO] 12-12-2023 14:13:39 [LogUtils] -  --- Ending: BeginWebTest
[INFO] 12-12-2023 14:13:39 [LogUtils] - Test case:  is starting...
[INFO] 12-12-2023 14:13:39 [LogUtils] -  --- Starting: EdxAutomation
[INFO] 12-12-2023 14:13:44 [LogUtils] - Open URL: https://www.edx.org/learn/how-to-learn/edx-how-to-learn-online
[INFO] 12-12-2023 14:13:44 [LogUtils] - Scroll to element By.xpath: //div[contains(text(),'weeks')]
[INFO] 12-12-2023 14:13:44 [LogUtils] - Verify element visible By.xpath: //div[contains(text(),'weeks')]
[INFO] 12-12-2023 14:13:45 [LogUtils] - Verify element visible By.xpath: //div[@class="col-md-7 pr-4"]/h1
[INFO] 12-12-2023 14:13:45 [LogUtils] - Verify element visible By.xpath: //div[@class="p"]
[INFO] 12-12-2023 14:13:45 [LogUtils] - Scroll to element By.xpath: //h1[@class="h1 nav-target pt-3 mt-3 pt-sm-5 mt-sm-2"]
[INFO] 12-12-2023 14:13:45 [LogUtils] - Verify element visible By.xpath: //button[text()='Show more' and @id='outcome']
[INFO] 12-12-2023 14:13:47 [LogUtils] -  --- Ending: EdxAutomation
]]></system-out>
    <system-err><![CDATA[[main] INFO io.github.bonigarcia.wdm.WebDriverManager - Using chromedriver 119.0.6045.105 (resolved driver for Chrome 119)
[main] INFO io.github.bonigarcia.wdm.WebDriverManager - Exporting webdriver.chrome.driver as C:\Users\vtluong\.cache\selenium\chromedriver\win64\119.0.6045.105\chromedriver.exe
Dec 12, 2023 2:13:39 PM org.openqa.selenium.devtools.CdpVersionFinder findNearestMatch
WARNING: Unable to find an exact match for CDP version 119, so returning the closest version found: 117
]]></system-err>
  </testcase>
</testsuite>