-------------------------------------------------------------------------------
Test set: TestSuite
-------------------------------------------------------------------------------
Tests run: 2, Failures: 1, Errors: 0, Skipped: 1, Time elapsed: 0.883 s <<< FAILURE! - in TestSuite
BeginWebTest(Edx.com.testcases.EdxTest)  Time elapsed: 0.73 s  <<< FAILURE!
org.testng.TestNGException: 

Parameter 'course_url' is required by BeforeMethod on method BeginWebTest but has not been marked @Optional or defined


