<?xml version="1.0" encoding="UTF-8"?>
<testng-results ignored="0" total="1" passed="1" failed="0" skipped="0">
  <reporter-output>
  </reporter-output>
  <suite started-at="2023-10-30T18:09:10 ICT" name="Suite" finished-at="2023-10-30T18:10:23 ICT" duration-ms="72899">
    <groups>
    </groups>
    <test started-at="2023-10-30T18:09:10 ICT" name="Test" finished-at="2023-10-30T18:10:23 ICT" duration-ms="72899">
      <class name="Edx.com.testcases.EdxTest">
        <test-method is-config="true" signature="BeginWebTest(java.lang.String,java.lang.String)[pri:0, instance:Edx.com.testcases.EdxTest@5a1de7fb]" started-at="2023-10-30T18:09:10 ICT" name="BeginWebTest" finished-at="2023-10-30T18:09:14 ICT" duration-ms="3631" status="PASS">
          <params>
            <param index="0">
              <value>
                <![CDATA[chrome]]>
              </value>
            </param>
            <param index="1">
              <value>
                <![CDATA[https://www.edx.org/learn/object-oriented-programming/university-of-british-columbia-software-construction-object-oriented-design]]>
              </value>
            </param>
          </params>
          <reporter-output>
          </reporter-output>
        </test-method> <!-- BeginWebTest -->
        <test-method signature="EdxAutomation()[pri:0, instance:Edx.com.testcases.EdxTest@5a1de7fb]" started-at="2023-10-30T18:09:14 ICT" name="EdxAutomation" finished-at="2023-10-30T18:10:23 ICT" duration-ms="68597" status="PASS">
          <reporter-output>
          </reporter-output>
        </test-method> <!-- EdxAutomation -->
        <test-method is-config="true" signature="closeDriver()[pri:0, instance:Edx.com.testcases.EdxTest@5a1de7fb]" started-at="2023-10-30T18:10:23 ICT" name="closeDriver" finished-at="2023-10-30T18:10:23 ICT" duration-ms="549" status="PASS">
          <reporter-output>
          </reporter-output>
        </test-method> <!-- closeDriver -->
      </class> <!-- Edx.com.testcases.EdxTest -->
    </test> <!-- Test -->
  </suite> <!-- Suite -->
</testng-results>
